# Stage 1 packages
# These packages will be installed into the tarball staging directory but their
# files will be excluded from the tarball itself.
# Packages may be separated by newline or whitespace.  Actual whitespace must
# be quoted.
@core
python36
setroubleshoot-server
setroubleshoot-plugins
sudo
# X libraries/GUI stuff
abattis-cantarell-fonts
cairo
fontconfig
gsettings-desktop-schemas
libX11
libXau
libXcursor
libXdmcp
libXext
libXfixes
libXft
libXi
libXinerama
libXrandr
libXrender
libXtst
# vim:ft=conf
